make all --dry-run --always-make --keep-going --print-directory
make: Entering directory `/Users/jiyunpar/Desktop/42_PJT/libft'
cc -Wall -Wextra -Werror -g -c ft_isalpha.c -o ft_isalpha.o
 
cc -Wall -Wextra -Werror -g -c ft_isdigit.c -o ft_isdigit.o
cc -Wall -Wextra -Werror -g -c ft_isalnum.c -o ft_isalnum.o
cc -Wall -Wextra -Werror -g -c ft_isascii.c -o ft_isascii.o
cc -Wall -Wextra -Werror -g -c ft_isprint.c -o ft_isprint.o
cc -Wall -Wextra -Werror -g -c ft_toupper.c -o ft_toupper.o
cc -Wall -Wextra -Werror -g -c ft_tolower.c -o ft_tolower.o
cc -Wall -Wextra -Werror -g -c ft_strchr.c -o ft_strchr.o
cc -Wall -Wextra -Werror -g -c ft_strrchr.c -o ft_strrchr.o
cc -Wall -Wextra -Werror -g -c ft_strlen.c -o ft_strlen.o
cc -Wall -Wextra -Werror -g -c ft_strncmp.c -o ft_strncmp.o
cc -Wall -Wextra -Werror -g -c ft_memset.c -o ft_memset.o
cc -Wall -Wextra -Werror -g -c ft_bzero.c -o ft_bzero.o
cc -Wall -Wextra -Werror -g -c ft_memchr.c -o ft_memchr.o
cc -Wall -Wextra -Werror -g -c ft_memcpy.c -o ft_memcpy.o
cc -Wall -Wextra -Werror -g -c ft_memcmp.c -o ft_memcmp.o
cc -Wall -Wextra -Werror -g -c ft_memmove.c -o ft_memmove.o
cc -Wall -Wextra -Werror -g -c ft_strnstr.c -o ft_strnstr.o
cc -Wall -Wextra -Werror -g -c ft_strlcpy.c -o ft_strlcpy.o
 
cc -Wall -Wextra -Werror -g -c ft_strlcat.c -o ft_strlcat.o
cc -Wall -Wextra -Werror -g -c ft_atoi.c -o ft_atoi.o
cc -Wall -Wextra -Werror -g -c ft_calloc.c -o ft_calloc.o
cc -Wall -Wextra -Werror -g -c ft_strdup.c -o ft_strdup.o
cc -Wall -Wextra -Werror -g -c ft_substr.c -o ft_substr.o
cc -Wall -Wextra -Werror -g -c ft_strjoin.c -o ft_strjoin.o
 
cc -Wall -Wextra -Werror -g -c ft_strtrim.c -o ft_strtrim.o
ar -rc libft.a ft_isalpha.o ft_isdigit.o ft_isalnum.o ft_isascii.o ft_isprint.o ft_toupper.o ft_tolower.o ft_strchr.o ft_strrchr.o ft_strlen.o ft_strncmp.o ft_memset.o ft_bzero.o ft_memchr.o ft_memcpy.o ft_memcmp.o ft_memmove.o ft_strnstr.o ft_strlcpy.o ft_strlcat.o ft_atoi.o ft_calloc.o ft_strdup.o ft_substr.o ft_strjoin.o ft_strtrim.o
make: Leaving directory `/Users/jiyunpar/Desktop/42_PJT/libft'
 
